<?xml version="1.0" encoding="UTF-8"?>
<testng-results skipped="0" failed="0" total="2" passed="2">
  <reporter-output>
  </reporter-output>
  <suite name="Suite" duration-ms="29597" started-at="2020-01-16T00:18:03Z" finished-at="2020-01-16T00:18:32Z">
    <groups>
    </groups>
    <test name="Test" duration-ms="29597" started-at="2020-01-16T00:18:03Z" finished-at="2020-01-16T00:18:32Z">
      <class name="New_package.Test1">
        <test-method status="PASS" signature="f()[pri:0, instance:New_package.Test1@6fffcba5]" name="f" duration-ms="23" started-at="2020-01-16T05:48:03Z" finished-at="2020-01-16T05:48:03Z">
          <reporter-output>
          </reporter-output>
        </test-method> <!-- f -->
        <test-method status="PASS" signature="f2()[pri:0, instance:New_package.Test1@6fffcba5]" name="f2" duration-ms="29542" started-at="2020-01-16T05:48:03Z" finished-at="2020-01-16T05:48:32Z">
          <reporter-output>
          </reporter-output>
        </test-method> <!-- f2 -->
      </class> <!-- New_package.Test1 -->
    </test> <!-- Test -->
  </suite> <!-- Suite -->
</testng-results>
