<?xml version="1.0" encoding="UTF-8"?>
<!-- Generated by org.testng.reporters.JUnitXMLReporter -->
<testsuite hostname="DESKTOP-FBT3I7F" name="Amazon_1" tests="4" failures="0" timestamp="20 Nov 2019 09:23:54 GMT" time="62.517" errors="0">
  <testcase name="f8" time="8.248" classname="ExltechPackage1.Amazon_1"/>
  <testcase name="f" time="7.767" classname="ExltechPackage1.Amazon_1"/>
  <testcase name="f1" time="28.266" classname="ExltechPackage1.Amazon_1"/>
  <testcase name="set" time="0.116" classname="ExltechPackage1.Amazon_1"/>
</testsuite> <!-- Amazon_1 -->
