<?xml version="1.0" encoding="UTF-8"?>
<!-- Generated by org.testng.reporters.JUnitXMLReporter -->
<testsuite hostname="DESKTOP-FBT3I7F" name="Orange_hrm" tests="3" failures="0" timestamp="20 Nov 2019 09:23:28 GMT" time="37.184" errors="0">
  <testcase name="f8" time="9.945" classname="ExltechPackage2.Orange_hrm"/>
  <testcase name="f" time="6.602" classname="ExltechPackage2.Orange_hrm"/>
  <testcase name="f1" time="0.98" classname="ExltechPackage2.Orange_hrm"/>
</testsuite> <!-- Orange_hrm -->
